d:\oop\crossing road\game\x64\debug\vc142.pdb
d:\oop\crossing road\game\x64\debug\vc142.idb
d:\oop\crossing road\game\x64\debug\vehicle.obj
d:\oop\crossing road\game\x64\debug\truck.obj
d:\oop\crossing road\game\x64\debug\trafficliight.obj
d:\oop\crossing road\game\x64\debug\shark.obj
d:\oop\crossing road\game\x64\debug\savegame.obj
d:\oop\crossing road\game\x64\debug\people.obj
d:\oop\crossing road\game\x64\debug\menu_key.obj
d:\oop\crossing road\game\x64\debug\map.obj
d:\oop\crossing road\game\x64\debug\main.obj
d:\oop\crossing road\game\x64\debug\game.obj
d:\oop\crossing road\game\x64\debug\console.obj
d:\oop\crossing road\game\x64\debug\car.obj
d:\oop\crossing road\game\x64\debug\boat.obj
d:\oop\crossing road\game\x64\debug\animal.obj
d:\oop\crossing road\game\x64\debug\menu.obj
d:\oop\crossing road\x64\debug\game.exe
d:\oop\crossing road\x64\debug\game.ilk
d:\oop\crossing road\x64\debug\game.pdb
d:\oop\crossing road\game\x64\debug\game.tlog\cl.command.1.tlog
d:\oop\crossing road\game\x64\debug\game.tlog\cl.read.1.tlog
d:\oop\crossing road\game\x64\debug\game.tlog\cl.write.1.tlog
d:\oop\crossing road\game\x64\debug\game.tlog\link.command.1.tlog
d:\oop\crossing road\game\x64\debug\game.tlog\link.read.1.tlog
d:\oop\crossing road\game\x64\debug\game.tlog\link.write.1.tlog
